11:42:05,711 (AWT-EventQueue-0) INFO  [uniandes.isis2304.parranderos.negocio.Parranderos] - Limpiando la BD de Parranderos
11:42:05,809 (AWT-EventQueue-0) INFO  [uniandes.isis2304.parranderos.persistencia.PersistenciaParranderos] - Borrada la base de datos
11:42:05,810 (AWT-EventQueue-0) INFO  [uniandes.isis2304.parranderos.negocio.Parranderos] - Limpiando la BD de Parranderos: Listo!
17:49:19,884 (main) INFO  [uniandes.isis2304.parranderos.interfazApp.InterfazParranderosApp] - Se encontró un archivo de configuración válido: Interfaz
17:49:19,884 (main) INFO  [uniandes.isis2304.parranderos.interfazApp.InterfazParranderosApp] - Se aplica configuración indicada en el archivo de configuración
17:49:19,896 (main) INFO  [uniandes.isis2304.parranderos.interfazApp.InterfazParranderosApp] - Se encontró un archivo de configuración válido: Tablas BD
21:26:57,703 (main) INFO  [uniandes.isis2304.parranderos.interfazApp.InterfazParranderosApp] - Se encontró un archivo de configuración válido: Interfaz
21:26:57,706 (main) INFO  [uniandes.isis2304.parranderos.interfazApp.InterfazParranderosApp] - Se aplica configuración indicada en el archivo de configuración
21:26:57,783 (main) INFO  [uniandes.isis2304.parranderos.interfazApp.InterfazParranderosApp] - Se encontró un archivo de configuración válido: Tablas BD
21:27:10,425 (AWT-EventQueue-0) INFO  [uniandes.isis2304.parranderos.negocio.Parranderos] - Adicionando Rol: hello
21:27:10,877 (AWT-EventQueue-0) INFO  [uniandes.isis2304.parranderos.negocio.Parranderos] - Adicionando Rol: Rol [nombre=hello, id=1]
21:27:25,731 (AWT-EventQueue-0) INFO  [uniandes.isis2304.parranderos.negocio.Parranderos] - Adicionando Rol: medico
21:27:25,751 (AWT-EventQueue-0) INFO  [uniandes.isis2304.parranderos.negocio.Parranderos] - Adicionando Rol: Rol [nombre=medico, id=2]
21:28:53,657 (main) INFO  [uniandes.isis2304.parranderos.interfazApp.InterfazParranderosApp] - Se encontró un archivo de configuración válido: Interfaz
21:28:53,659 (main) INFO  [uniandes.isis2304.parranderos.interfazApp.InterfazParranderosApp] - Se aplica configuración indicada en el archivo de configuración
21:28:53,721 (main) INFO  [uniandes.isis2304.parranderos.interfazApp.InterfazParranderosApp] - Se encontró un archivo de configuración válido: Tablas BD
21:28:59,249 (main) INFO  [uniandes.isis2304.parranderos.interfazApp.InterfazParranderosApp] - Se encontró un archivo de configuración válido: Interfaz
21:28:59,252 (main) INFO  [uniandes.isis2304.parranderos.interfazApp.InterfazParranderosApp] - Se aplica configuración indicada en el archivo de configuración
21:28:59,313 (main) INFO  [uniandes.isis2304.parranderos.interfazApp.InterfazParranderosApp] - Se encontró un archivo de configuración válido: Tablas BD
21:29:47,387 (main) INFO  [uniandes.isis2304.parranderos.interfazApp.InterfazParranderosApp] - Se encontró un archivo de configuración válido: Interfaz
21:29:47,390 (main) INFO  [uniandes.isis2304.parranderos.interfazApp.InterfazParranderosApp] - Se aplica configuración indicada en el archivo de configuración
21:29:47,452 (main) INFO  [uniandes.isis2304.parranderos.interfazApp.InterfazParranderosApp] - Se encontró un archivo de configuración válido: Tablas BD
21:29:59,628 (AWT-EventQueue-0) INFO  [uniandes.isis2304.parranderos.negocio.Parranderos] - Adicionando Rol: 2
21:30:00,072 (AWT-EventQueue-0) INFO  [uniandes.isis2304.parranderos.negocio.Parranderos] - Adicionando Rol: Rol [nombre=2, id=3]
21:44:02,314 (main) INFO  [uniandes.isis2304.parranderos.interfazApp.InterfazParranderosApp] - Se encontró un archivo de configuración válido: Interfaz
21:44:02,315 (main) INFO  [uniandes.isis2304.parranderos.interfazApp.InterfazParranderosApp] - Se aplica configuración indicada en el archivo de configuración
21:44:02,359 (main) INFO  [uniandes.isis2304.parranderos.interfazApp.InterfazParranderosApp] - Se encontró un archivo de configuración válido: Tablas BD
21:44:12,344 (AWT-EventQueue-0) INFO  [uniandes.isis2304.parranderos.negocio.Parranderos] - Adicionando Rol: sffsf
21:44:12,792 (AWT-EventQueue-0) INFO  [uniandes.isis2304.parranderos.negocio.Parranderos] - Adicionando Rol: Rol [nombre=sffsf, id=4]
08:17:33,425 (main) INFO  [uniandes.isis2304.parranderos.interfazApp.InterfazParranderosApp] - Se encontró un archivo de configuración válido: Interfaz
08:17:33,427 (main) INFO  [uniandes.isis2304.parranderos.interfazApp.InterfazParranderosApp] - Se aplica configuración indicada en el archivo de configuración
08:17:33,489 (main) INFO  [uniandes.isis2304.parranderos.interfazApp.InterfazParranderosApp] - Se encontró un archivo de configuración válido: Tablas BD
08:17:53,371 (AWT-EventQueue-0) INFO  [uniandes.isis2304.parranderos.negocio.Parranderos] - Adicionando Rol: dee
08:17:53,841 (AWT-EventQueue-0) INFO  [uniandes.isis2304.parranderos.negocio.Parranderos] - Adicionando Rol: Rol [nombre=dee, id=21]
13:42:51,844 (main) INFO  [uniandes.isis2304.parranderos.interfazApp.InterfazParranderosApp] - Se encontró un archivo de configuración válido: Interfaz
13:42:51,845 (main) INFO  [uniandes.isis2304.parranderos.interfazApp.InterfazParranderosApp] - Se aplica configuración indicada en el archivo de configuración
13:42:51,866 (main) INFO  [uniandes.isis2304.parranderos.interfazApp.InterfazParranderosApp] - Se encontró un archivo de configuración válido: Tablas BD
13:43:10,087 (AWT-EventQueue-0) INFO  [uniandes.isis2304.parranderos.negocio.Parranderos] - Adicionando Tipo de bebida: wasd
13:43:13,529 (AWT-EventQueue-0) INFO  [uniandes.isis2304.parranderos.negocio.Parranderos] - Adicionando Tipo de bebida: TipoBebida [id=23, nombre=wasd]
15:07:00,014 (main) INFO  [uniandes.isis2304.parranderos.interfazApp.InterfazParranderosApp] - Se encontró un archivo de configuración válido: Interfaz
15:07:00,015 (main) INFO  [uniandes.isis2304.parranderos.interfazApp.InterfazParranderosApp] - Se aplica configuración indicada en el archivo de configuración
15:07:00,047 (main) INFO  [uniandes.isis2304.parranderos.interfazApp.InterfazParranderosApp] - Se encontró un archivo de configuración válido: Tablas BD
15:07:09,086 (main) INFO  [uniandes.isis2304.parranderos.interfazApp.InterfazParranderosApp] - Se encontró un archivo de configuración válido: Interfaz
15:07:09,086 (main) INFO  [uniandes.isis2304.parranderos.interfazApp.InterfazParranderosApp] - Se aplica configuración indicada en el archivo de configuración
15:07:09,104 (main) INFO  [uniandes.isis2304.parranderos.interfazApp.InterfazParranderosApp] - Se encontró un archivo de configuración válido: Tablas BD
15:07:17,918 (AWT-EventQueue-0) INFO  [uniandes.isis2304.parranderos.negocio.Parranderos] - Adicionando Rol: adsaa
15:07:22,990 (AWT-EventQueue-0) INFO  [uniandes.isis2304.parranderos.negocio.Parranderos] - Adicionando Rol: Rol [nombre=adsaa, id=24]
16:02:06,663 (main) INFO  [uniandes.isis2304.parranderos.interfazApp.InterfazParranderosApp] - Se encontró un archivo de configuración válido: Interfaz
16:02:06,663 (main) INFO  [uniandes.isis2304.parranderos.interfazApp.InterfazParranderosApp] - Se aplica configuración indicada en el archivo de configuración
16:02:06,679 (main) INFO  [uniandes.isis2304.parranderos.interfazApp.InterfazParranderosApp] - Se encontró un archivo de configuración válido: Tablas BD
16:02:22,584 (AWT-EventQueue-0) INFO  [uniandes.isis2304.parranderos.negocio.Parranderos] - Adicionando Rol: holasdo
16:02:25,168 (AWT-EventQueue-0) INFO  [uniandes.isis2304.parranderos.negocio.Parranderos] - Adicionando Rol: Rol [nombre=holasdo, id=25]
17:18:43,310 (main) INFO  [uniandes.isis2304.parranderos.interfazApp.InterfazParranderosApp] - Se encontró un archivo de configuración válido: Interfaz
17:18:43,311 (main) INFO  [uniandes.isis2304.parranderos.interfazApp.InterfazParranderosApp] - Se aplica configuración indicada en el archivo de configuración
17:18:43,323 (main) INFO  [uniandes.isis2304.parranderos.interfazApp.InterfazParranderosApp] - Se encontró un archivo de configuración válido: Tablas BD
17:18:46,390 (main) INFO  [uniandes.isis2304.parranderos.interfazApp.InterfazParranderosApp] - Se encontró un archivo de configuración válido: Interfaz
17:18:46,391 (main) INFO  [uniandes.isis2304.parranderos.interfazApp.InterfazParranderosApp] - Se aplica configuración indicada en el archivo de configuración
17:18:46,403 (main) INFO  [uniandes.isis2304.parranderos.interfazApp.InterfazParranderosApp] - Se encontró un archivo de configuración válido: Tablas BD
17:18:54,108 (AWT-EventQueue-0) INFO  [uniandes.isis2304.parranderos.negocio.Parranderos] - Adicionando Rol: rolcito
17:18:56,113 (AWT-EventQueue-0) INFO  [uniandes.isis2304.parranderos.negocio.Parranderos] - Adicionando Rol: Rol [nombre=rolcito, id=26]
17:19:47,508 (AWT-EventQueue-0) INFO  [uniandes.isis2304.parranderos.negocio.Parranderos] - Adicionando Rol: rolcito
17:19:49,325 (AWT-EventQueue-0) INFO  [uniandes.isis2304.parranderos.negocio.Parranderos] - Adicionando Rol: Rol [nombre=rolcito, id=27]
17:43:42,249 (main) INFO  [uniandes.isis2304.parranderos.interfazApp.InterfazParranderosApp] - Se encontró un archivo de configuración válido: Interfaz
17:43:42,249 (main) INFO  [uniandes.isis2304.parranderos.interfazApp.InterfazParranderosApp] - Se aplica configuración indicada en el archivo de configuración
17:43:42,261 (main) INFO  [uniandes.isis2304.parranderos.interfazApp.InterfazParranderosApp] - Se encontró un archivo de configuración válido: Tablas BD
17:59:38,715 (main) INFO  [uniandes.isis2304.parranderos.interfazApp.InterfazParranderosApp] - Se encontró un archivo de configuración válido: Interfaz
17:59:38,715 (main) INFO  [uniandes.isis2304.parranderos.interfazApp.InterfazParranderosApp] - Se aplica configuración indicada en el archivo de configuración
17:59:38,729 (main) INFO  [uniandes.isis2304.parranderos.interfazApp.InterfazParranderosApp] - Se encontró un archivo de configuración válido: Tablas BD
17:59:55,019 (AWT-EventQueue-0) INFO  [uniandes.isis2304.parranderos.negocio.Parranderos] - Adicionando Rol: 23
17:59:56,960 (AWT-EventQueue-0) INFO  [uniandes.isis2304.parranderos.negocio.Parranderos] - Adicionando Rol: Rol [nombre=23, id=28]
18:06:52,045 (main) INFO  [uniandes.isis2304.parranderos.interfazApp.InterfazParranderosApp] - Se encontró un archivo de configuración válido: Interfaz
18:06:52,046 (main) INFO  [uniandes.isis2304.parranderos.interfazApp.InterfazParranderosApp] - Se aplica configuración indicada en el archivo de configuración
18:06:52,059 (main) INFO  [uniandes.isis2304.parranderos.interfazApp.InterfazParranderosApp] - Se encontró un archivo de configuración válido: Tablas BD
18:07:43,957 (main) INFO  [uniandes.isis2304.parranderos.interfazApp.InterfazParranderosApp] - Se encontró un archivo de configuración válido: Interfaz
18:07:43,958 (main) INFO  [uniandes.isis2304.parranderos.interfazApp.InterfazParranderosApp] - Se aplica configuración indicada en el archivo de configuración
18:07:43,969 (main) INFO  [uniandes.isis2304.parranderos.interfazApp.InterfazParranderosApp] - Se encontró un archivo de configuración válido: Tablas BD
18:08:07,858 (AWT-EventQueue-0) INFO  [uniandes.isis2304.parranderos.negocio.Parranderos] - Adicionando Usuario: teletubi
18:08:08,375 (AWT-EventQueue-0) ERROR [uniandes.isis2304.parranderos.persistencia.PersistenciaParranderos] - Exception : SQL query tiene parametro "4" pero no existe en el query : INSERT INTO USUARIO(id,nombre, correo, idrol) values (?,?, ?, ?)

18:08:08,379 (AWT-EventQueue-0) INFO  [uniandes.isis2304.parranderos.negocio.Parranderos] - Adicionando Usuario: null
18:08:34,520 (AWT-EventQueue-0) INFO  [uniandes.isis2304.parranderos.negocio.Parranderos] - Adicionando Usuario: a
18:08:34,925 (AWT-EventQueue-0) ERROR [uniandes.isis2304.parranderos.persistencia.PersistenciaParranderos] - Exception : SQL query tiene parametro "4" pero no existe en el query : INSERT INTO USUARIO(id,nombre, correo, idrol) values (?,?, ?, ?)

18:08:34,926 (AWT-EventQueue-0) INFO  [uniandes.isis2304.parranderos.negocio.Parranderos] - Adicionando Usuario: null
18:12:07,524 (main) INFO  [uniandes.isis2304.parranderos.interfazApp.InterfazParranderosApp] - Se encontró un archivo de configuración válido: Interfaz
18:12:07,525 (main) INFO  [uniandes.isis2304.parranderos.interfazApp.InterfazParranderosApp] - Se aplica configuración indicada en el archivo de configuración
18:12:07,538 (main) INFO  [uniandes.isis2304.parranderos.interfazApp.InterfazParranderosApp] - Se encontró un archivo de configuración válido: Tablas BD
18:12:30,700 (AWT-EventQueue-0) INFO  [uniandes.isis2304.parranderos.negocio.Parranderos] - Adicionando Usuario: e
18:12:31,187 (AWT-EventQueue-0) ERROR [uniandes.isis2304.parranderos.persistencia.PersistenciaParranderos] - Exception : SQL query tiene parametro "4" pero no existe en el query : INSERT INTO USUARIO(id,nombre, correo, idrol) values (?,?, ?, ?)

18:12:31,189 (AWT-EventQueue-0) INFO  [uniandes.isis2304.parranderos.negocio.Parranderos] - Adicionando Usuario: null
18:12:45,530 (AWT-EventQueue-0) INFO  [uniandes.isis2304.parranderos.negocio.Parranderos] - Adicionando Rol: t
18:12:46,994 (AWT-EventQueue-0) INFO  [uniandes.isis2304.parranderos.negocio.Parranderos] - Adicionando Rol: Rol [nombre=t, id=32]
18:12:57,485 (AWT-EventQueue-0) INFO  [uniandes.isis2304.parranderos.negocio.Parranderos] - Adicionando Usuario: f
18:12:57,805 (AWT-EventQueue-0) ERROR [uniandes.isis2304.parranderos.persistencia.PersistenciaParranderos] - Exception : SQL query tiene parametro "4" pero no existe en el query : INSERT INTO USUARIO(id,nombre, correo, idrol) values (?,?, ?, ?)

18:12:57,806 (AWT-EventQueue-0) INFO  [uniandes.isis2304.parranderos.negocio.Parranderos] - Adicionando Usuario: null
18:14:43,866 (AWT-EventQueue-0) INFO  [uniandes.isis2304.parranderos.negocio.Parranderos] - Adicionando Usuario: ww
18:14:44,179 (AWT-EventQueue-0) ERROR [uniandes.isis2304.parranderos.persistencia.PersistenciaParranderos] - Exception : SQL query tiene parametro "4" pero no existe en el query : INSERT INTO USUARIO(id,nombre, correo, idrol) values (?,?, ?, ?)

18:14:44,179 (AWT-EventQueue-0) INFO  [uniandes.isis2304.parranderos.negocio.Parranderos] - Adicionando Usuario: null
18:18:30,300 (main) INFO  [uniandes.isis2304.parranderos.interfazApp.InterfazParranderosApp] - Se encontró un archivo de configuración válido: Interfaz
18:18:30,300 (main) INFO  [uniandes.isis2304.parranderos.interfazApp.InterfazParranderosApp] - Se aplica configuración indicada en el archivo de configuración
18:18:30,313 (main) INFO  [uniandes.isis2304.parranderos.interfazApp.InterfazParranderosApp] - Se encontró un archivo de configuración válido: Tablas BD
18:18:47,749 (AWT-EventQueue-0) INFO  [uniandes.isis2304.parranderos.negocio.Parranderos] - Adicionando Usuario: 23
18:18:48,161 (AWT-EventQueue-0) ERROR [uniandes.isis2304.parranderos.persistencia.PersistenciaParranderos] - Exception : SQL query tiene parametro "4" pero no existe en el query : INSERT INTO USUARIO(id,nombre, correo, idrol) values (?,?, ?, ?)

18:18:48,163 (AWT-EventQueue-0) INFO  [uniandes.isis2304.parranderos.negocio.Parranderos] - Adicionando Usuario: null
18:20:51,397 (main) INFO  [uniandes.isis2304.parranderos.interfazApp.InterfazParranderosApp] - Se encontró un archivo de configuración válido: Interfaz
18:20:51,397 (main) INFO  [uniandes.isis2304.parranderos.interfazApp.InterfazParranderosApp] - Se aplica configuración indicada en el archivo de configuración
18:20:51,410 (main) INFO  [uniandes.isis2304.parranderos.interfazApp.InterfazParranderosApp] - Se encontró un archivo de configuración válido: Tablas BD
18:21:02,914 (AWT-EventQueue-0) INFO  [uniandes.isis2304.parranderos.negocio.Parranderos] - Adicionando Usuario: ee
18:21:03,330 (AWT-EventQueue-0) ERROR [uniandes.isis2304.parranderos.persistencia.PersistenciaParranderos] - Exception : SQL query tiene parametro "4" pero no existe en el query : INSERT INTO USUARIO(id,nombre, correo, idrol) values (?,?, ?, ?)

18:21:03,332 (AWT-EventQueue-0) INFO  [uniandes.isis2304.parranderos.negocio.Parranderos] - Adicionando Usuario: null
18:24:08,223 (main) INFO  [uniandes.isis2304.parranderos.interfazApp.InterfazParranderosApp] - Se encontró un archivo de configuración válido: Interfaz
18:24:08,223 (main) INFO  [uniandes.isis2304.parranderos.interfazApp.InterfazParranderosApp] - Se aplica configuración indicada en el archivo de configuración
18:24:08,235 (main) INFO  [uniandes.isis2304.parranderos.interfazApp.InterfazParranderosApp] - Se encontró un archivo de configuración válido: Tablas BD
18:24:16,713 (AWT-EventQueue-0) INFO  [uniandes.isis2304.parranderos.negocio.Parranderos] - Adicionando Rol: wasd
18:24:18,309 (AWT-EventQueue-0) INFO  [uniandes.isis2304.parranderos.negocio.Parranderos] - Adicionando Rol: Rol [nombre=wasd, id=37]
18:24:21,639 (AWT-EventQueue-0) INFO  [uniandes.isis2304.parranderos.negocio.Parranderos] - Adicionando Rol: wasd
18:24:22,287 (AWT-EventQueue-0) INFO  [uniandes.isis2304.parranderos.negocio.Parranderos] - Adicionando Rol: Rol [nombre=wasd, id=38]
18:24:39,797 (AWT-EventQueue-0) INFO  [uniandes.isis2304.parranderos.negocio.Parranderos] - Adicionando Usuario: wasad
18:24:40,162 (AWT-EventQueue-0) ERROR [uniandes.isis2304.parranderos.persistencia.PersistenciaParranderos] - Exception : SQL query tiene parametro "4" pero no existe en el query : INSERT INTO USUARIO(id,nombre, correo, idrol) values (?,?, ?, ?)

18:24:40,163 (AWT-EventQueue-0) INFO  [uniandes.isis2304.parranderos.negocio.Parranderos] - Adicionando Usuario: null
18:27:31,873 (main) INFO  [uniandes.isis2304.parranderos.interfazApp.InterfazParranderosApp] - Se encontró un archivo de configuración válido: Interfaz
18:27:31,874 (main) INFO  [uniandes.isis2304.parranderos.interfazApp.InterfazParranderosApp] - Se aplica configuración indicada en el archivo de configuración
18:27:31,888 (main) INFO  [uniandes.isis2304.parranderos.interfazApp.InterfazParranderosApp] - Se encontró un archivo de configuración válido: Tablas BD
18:27:49,920 (AWT-EventQueue-0) INFO  [uniandes.isis2304.parranderos.negocio.Parranderos] - Adicionando Usuario: were
18:28:07,850 (main) INFO  [uniandes.isis2304.parranderos.interfazApp.InterfazParranderosApp] - Se encontró un archivo de configuración válido: Interfaz
18:28:07,851 (main) INFO  [uniandes.isis2304.parranderos.interfazApp.InterfazParranderosApp] - Se aplica configuración indicada en el archivo de configuración
18:28:07,865 (main) INFO  [uniandes.isis2304.parranderos.interfazApp.InterfazParranderosApp] - Se encontró un archivo de configuración válido: Tablas BD
18:28:18,800 (AWT-EventQueue-0) INFO  [uniandes.isis2304.parranderos.negocio.Parranderos] - Adicionando Usuario: were
18:28:20,081 (AWT-EventQueue-0) INFO  [uniandes.isis2304.parranderos.negocio.Parranderos] - Adicionando Usuario: Usuario [nombre=were, correo=were, idRol=8]
18:30:31,367 (main) INFO  [uniandes.isis2304.parranderos.interfazApp.InterfazParranderosApp] - Se encontró un archivo de configuración válido: Interfaz
18:30:31,367 (main) INFO  [uniandes.isis2304.parranderos.interfazApp.InterfazParranderosApp] - Se aplica configuración indicada en el archivo de configuración
18:30:31,380 (main) INFO  [uniandes.isis2304.parranderos.interfazApp.InterfazParranderosApp] - Se encontró un archivo de configuración válido: Tablas BD
18:30:55,468 (AWT-EventQueue-0) INFO  [uniandes.isis2304.parranderos.negocio.Parranderos] - Adicionando Usuario: asd
18:30:56,741 (AWT-EventQueue-0) INFO  [uniandes.isis2304.parranderos.negocio.Parranderos] - Adicionando Usuario: Usuario [nombre=asd, correo=asd, idRol=8]
18:31:45,623 (main) INFO  [uniandes.isis2304.parranderos.interfazApp.InterfazParranderosApp] - Se encontró un archivo de configuración válido: Interfaz
18:31:45,623 (main) INFO  [uniandes.isis2304.parranderos.interfazApp.InterfazParranderosApp] - Se aplica configuración indicada en el archivo de configuración
18:31:45,636 (main) INFO  [uniandes.isis2304.parranderos.interfazApp.InterfazParranderosApp] - Se encontró un archivo de configuración válido: Tablas BD
18:31:57,790 (AWT-EventQueue-0) INFO  [uniandes.isis2304.parranderos.negocio.Parranderos] - Adicionando Usuario: feo
18:31:59,330 (AWT-EventQueue-0) INFO  [uniandes.isis2304.parranderos.negocio.Parranderos] - Adicionando Usuario: Usuario [nombre=feo, correo=feo, idRol=8]
